C:\USERS\XXIONG\DOCUMENTS\VISUAL STUDIO 2012\PROJECTS\WIN64-VS2012-V1.2(HEAD POSE INTEGRATED)\INTRAFACE-V1.2\INTRAFACEDETECTOR\X64\DEBUG\BINARY_MODEL_FILE.OBJ
C:\USERS\XXIONG\DOCUMENTS\VISUAL STUDIO 2012\PROJECTS\WIN64-VS2012-V1.2(HEAD POSE INTEGRATED)\INTRAFACE-V1.2\INTRAFACEDETECTOR\X64\DEBUG\DEMODETECTOR.OBJ
C:\USERS\XXIONG\DOCUMENTS\VISUAL STUDIO 2012\PROJECTS\WIN64-VS2012-V1.2(HEAD POSE INTEGRATED)\INTRAFACE-V1.2\INTRAFACEDETECTOR\X64\DEBUG\VC110.PDB
C:\USERS\XXIONG\DOCUMENTS\VISUAL STUDIO 2012\PROJECTS\WIN64-VS2012-V1.2(HEAD POSE INTEGRATED)\INTRAFACE-V1.2\X64\DEBUG\INTRAFACEDETECTOR.ILK
C:\USERS\XXIONG\DOCUMENTS\VISUAL STUDIO 2012\PROJECTS\WIN64-VS2012-V1.2(HEAD POSE INTEGRATED)\INTRAFACE-V1.2\X64\DEBUG\INTRAFACEDETECTOR.EXE
C:\USERS\XXIONG\DOCUMENTS\VISUAL STUDIO 2012\PROJECTS\WIN64-VS2012-V1.2(HEAD POSE INTEGRATED)\INTRAFACE-V1.2\X64\DEBUG\INTRAFACEDETECTOR.PDB
C:\Users\xxiong\Documents\Visual Studio 2012\Projects\win64-VS2012-v1.2(head pose integrated)\IntraFace-v1.2\IntraFaceDetector\x64\Debug\binary_model_file.obj
C:\Users\xxiong\Documents\Visual Studio 2012\Projects\win64-VS2012-v1.2(head pose integrated)\IntraFace-v1.2\IntraFaceDetector\x64\Debug\DemoDetector.obj
C:\Users\xxiong\Documents\Visual Studio 2012\Projects\win64-VS2012-v1.2(head pose integrated)\IntraFace-v1.2\IntraFaceDetector\x64\Debug\cl.command.1.tlog
C:\Users\xxiong\Documents\Visual Studio 2012\Projects\win64-VS2012-v1.2(head pose integrated)\IntraFace-v1.2\IntraFaceDetector\x64\Debug\CL.read.1.tlog
C:\Users\xxiong\Documents\Visual Studio 2012\Projects\win64-VS2012-v1.2(head pose integrated)\IntraFace-v1.2\IntraFaceDetector\x64\Debug\CL.write.1.tlog
C:\Users\xxiong\Documents\Visual Studio 2012\Projects\win64-VS2012-v1.2(head pose integrated)\IntraFace-v1.2\IntraFaceDetector\x64\Debug\link-cvtres.read.1.tlog
C:\Users\xxiong\Documents\Visual Studio 2012\Projects\win64-VS2012-v1.2(head pose integrated)\IntraFace-v1.2\IntraFaceDetector\x64\Debug\link-cvtres.write.1.tlog
C:\Users\xxiong\Documents\Visual Studio 2012\Projects\win64-VS2012-v1.2(head pose integrated)\IntraFace-v1.2\IntraFaceDetector\x64\Debug\link-rc.read.1.tlog
C:\Users\xxiong\Documents\Visual Studio 2012\Projects\win64-VS2012-v1.2(head pose integrated)\IntraFace-v1.2\IntraFaceDetector\x64\Debug\link-rc.write.1.tlog
C:\Users\xxiong\Documents\Visual Studio 2012\Projects\win64-VS2012-v1.2(head pose integrated)\IntraFace-v1.2\IntraFaceDetector\x64\Debug\link.command.1.tlog
C:\Users\xxiong\Documents\Visual Studio 2012\Projects\win64-VS2012-v1.2(head pose integrated)\IntraFace-v1.2\IntraFaceDetector\x64\Debug\link.read.1.tlog
C:\Users\xxiong\Documents\Visual Studio 2012\Projects\win64-VS2012-v1.2(head pose integrated)\IntraFace-v1.2\IntraFaceDetector\x64\Debug\link.write.1.tlog
C:\Users\xxiong\Documents\Visual Studio 2012\Projects\win64-VS2012-v1.2(head pose integrated)\IntraFace-v1.2\IntraFaceDetector\x64\Debug\vc110.idb
C:\Users\xxiong\Documents\Visual Studio 2012\Projects\win64-VS2012-v1.2(head pose integrated)\IntraFace-v1.2\IntraFaceDetector\x64\Debug\vc110.pdb
C:\Users\xxiong\Documents\Visual Studio 2012\Projects\win64-VS2012-v1.2(head pose integrated)\IntraFace-v1.2\x64\Debug\IntraFaceDetector.pdb
C:\Users\xxiong\Documents\Visual Studio 2012\Projects\win64-VS2012-v1.2(head pose integrated)\IntraFace-v1.2\x64\Debug\IntraFaceDetector.exe
C:\Users\xxiong\Documents\Visual Studio 2012\Projects\win64-VS2012-v1.2(head pose integrated)\IntraFace-v1.2\x64\Debug\IntraFaceDetector.ilk
